<?xml version="1.0" encoding="UTF-8" ?>
<testsuite tests="70" failures="0" name="runner.RunnerTest" time="0.131" errors="0" skipped="0">
  <properties>
[...]
</properties>
  <testcase classname="| pratik | pass1 |" name="Given The user is on Stackoverflow homepage" time="0"/>
  <testcase classname="| pratik | pass1 |" name="When User click on login home page buttong" time="0"/>
  <testcase classname="| pratik | pass1 |" name="And User enters correct &quot;pratik&quot; and &quot;pass1&quot;" time="0"/>
  <testcase classname="| pratik | pass1 |" name="And User clicks on login Button" time="0"/>
  <testcase classname="| pratik | pass1 |" name="Then User is successfully directed to the homepage" time="0"/>
  <testcase classname="| pratik | pass1 |" name="| pratik | pass1 |" time="0.003"/>
  <testcase classname="| thorve | pass2 |" name="Given The user is on Stackoverflow homepage" time="0"/>
  <testcase classname="| thorve | pass2 |" name="When User click on login home page buttong" time="0"/>
  <testcase classname="| thorve | pass2 |" name="And User enters correct &quot;thorve&quot; and &quot;pass2&quot;" time="0"/>
  <testcase classname="| thorve | pass2 |" name="And User clicks on login Button" time="0"/>
  <testcase classname="| thorve | pass2 |" name="Then User is successfully directed to the homepage" time="0"/>
  <testcase classname="| thorve | pass2 |" name="| thorve | pass2 |" time="0.019"/>
  <testcase classname="Scenario: Validate Stackoverflow login with correct credentials from datatable.feature1" name="Given The user is on Stackoverflow homepage" time="0.003"/>
  <testcase classname="Scenario: Validate Stackoverflow login with correct credentials from datatable.feature1" name="When User click on login home page buttong" time="0"/>
  <testcase classname="Scenario: Validate Stackoverflow login with correct credentials from datatable.feature1" name="And User enters following username and password" time="0"/>
  <testcase classname="Scenario: Validate Stackoverflow login with correct credentials from datatable.feature1" name="And User clicks on login Button" time="0"/>
  <testcase classname="Scenario: Validate Stackoverflow login with correct credentials from datatable.feature1" name="Then User is successfully directed to the homepage" time="0"/>
  <testcase classname="Scenario: Validate Stackoverflow login with correct credentials from datatable.feature1" name="Scenario: Validate Stackoverflow login with correct credentials from datatable.feature1" time="0.007"/>
  <testcase classname="Scenario: Validate Stackoverflow login with correct credentials from feature1.feature1" name="Given The user is on Stackoverflow homepage" time="0.001"/>
  <testcase classname="Scenario: Validate Stackoverflow login with correct credentials from feature1.feature1" name="When User click on login home page buttong" time="0.005"/>
  <testcase classname="Scenario: Validate Stackoverflow login with correct credentials from feature1.feature1" name="And User enters correct username and password" time="0.001"/>
  <testcase classname="Scenario: Validate Stackoverflow login with correct credentials from feature1.feature1" name="And User clicks on login Button" time="0"/>
  <testcase classname="Scenario: Validate Stackoverflow login with correct credentials from feature1.feature1" name="Then User is successfully directed to the homepage" time="0.001"/>
  <testcase classname="Scenario: Validate Stackoverflow login with correct credentials from feature1.feature1" name="Scenario: Validate Stackoverflow login with correct credentials from feature1.feature1" time="0.001"/>
  <testcase classname="Scenario: Validate Stackoverflow login with incorrect credentials from feature1.feature2" name="Given The user is on Stackoverflow homepage" time="0.001"/>
  <testcase classname="Scenario: Validate Stackoverflow login with incorrect credentials from feature1.feature2" name="When User click on login home page buttong" time="0.001"/>
  <testcase classname="Scenario: Validate Stackoverflow login with incorrect credentials from feature1.feature2" name="And User enters incorrect username and password" time="0.001"/>
  <testcase classname="Scenario: Validate Stackoverflow login with incorrect credentials from feature1.feature2" name="And User clicks on login Button" time="0"/>
  <testcase classname="Scenario: Validate Stackoverflow login with incorrect credentials from feature1.feature2" name="Then User is displayed with error on login page" time="0.008"/>
  <testcase classname="Scenario: Validate Stackoverflow login with incorrect credentials from feature1.feature2" name="Scenario: Validate Stackoverflow login with incorrect credentials from feature1.feature2" time="0.011"/>
  <testcase classname="Given The user is on Stackoverflow homepage(Scenario: Validate Stackoverflow login with correct credentials (Paramaterzied TC) from featureParameterized.feature1)" name="Given The user is on Stackoverflow homepage(Scenario: Validate Stackoverflow login with correct credentials " time="0.001"/>
  <testcase classname="When User click on login home page buttong(Scenario: Validate Stackoverflow login with correct credentials (Paramaterzied TC) from featureParameterized.feature1)" name="When User click on login home page buttong(Scenario: Validate Stackoverflow login with correct credentials " time="0"/>
  <testcase classname="And User enters username &quot;pratikthorve90@gmail.com&quot; and password &quot;99609960asd&quot;(Scenario: Validate Stackoverflow login with correct credentials (Paramaterzied TC) from featureParameterized.feature1)" name="And User enters username &quot;pratikthorve90@gmail.com&quot; and password &quot;99609960asd&quot;(Scenario: Validate Stackoverflow login with correct credentials " time="0"/>
  <testcase classname="And User clicks on login Button(Scenario: Validate Stackoverflow login with correct credentials (Paramaterzied TC) from featureParameterized.feature1)" name="And User clicks on login Button(Scenario: Validate Stackoverflow login with correct credentials " time="0"/>
  <testcase classname="Then User is successfully directed to the homepage(Scenario: Validate Stackoverflow login with correct credentials (Paramaterzied TC) from featureParameterized.feature1)" name="Then User is successfully directed to the homepage(Scenario: Validate Stackoverflow login with correct credentials " time="0.002"/>
  <testcase classname="Scenario: Validate Stackoverflow login with correct credentials (Paramaterzied TC) from featureParameterized.feature1" name="Scenario: Validate Stackoverflow login with correct credentials " time="0.008"/>
  <testcase classname="Given The user is on Stackoverflow homepage(Scenario: Validate Stackoverflow login with incorrect credentials  (Paramaterzied TC) from featureParameterized.feature2)" name="Given The user is on Stackoverflow homepage(Scenario: Validate Stackoverflow login with incorrect credentials  " time="0"/>
  <testcase classname="When User click on login home page buttong(Scenario: Validate Stackoverflow login with incorrect credentials  (Paramaterzied TC) from featureParameterized.feature2)" name="When User click on login home page buttong(Scenario: Validate Stackoverflow login with incorrect credentials  " time="0.003"/>
  <testcase classname="And User enters username &quot;pratik@gmail.com&quot; and password &quot;qwe&quot;(Scenario: Validate Stackoverflow login with incorrect credentials  (Paramaterzied TC) from featureParameterized.feature2)" name="And User enters username &quot;pratik@gmail.com&quot; and password &quot;qwe&quot;(Scenario: Validate Stackoverflow login with incorrect credentials  " time="0.001"/>
  <testcase classname="And User clicks on login Button(Scenario: Validate Stackoverflow login with incorrect credentials  (Paramaterzied TC) from featureParameterized.feature2)" name="And User clicks on login Button(Scenario: Validate Stackoverflow login with incorrect credentials  " time="0.018"/>
  <testcase classname="Then User is displayed with error on login page(Scenario: Validate Stackoverflow login with incorrect credentials  (Paramaterzied TC) from featureParameterized.feature2)" name="Then User is displayed with error on login page(Scenario: Validate Stackoverflow login with incorrect credentials  " time="0.001"/>
  <testcase classname="Scenario: Validate Stackoverflow login with incorrect credentials  (Paramaterzied TC) from featureParameterized.feature2" name="Scenario: Validate Stackoverflow login with incorrect credentials  " time="0.002"/>
  <testcase classname="Scenario: Validate Stackoverflow login with correct credentials from hooks.feature1" name="When User click on login home page buttong" time="0"/>
  <testcase classname="Scenario: Validate Stackoverflow login with correct credentials from hooks.feature1" name="And User enters correct username and password" time="0"/>
  <testcase classname="Scenario: Validate Stackoverflow login with correct credentials from hooks.feature1" name="And User clicks on login Button" time="0.001"/>
  <testcase classname="Scenario: Validate Stackoverflow login with correct credentials from hooks.feature1" name="Then User is successfully directed to the homepage" time="0"/>
  <testcase classname="Scenario: Validate Stackoverflow login with correct credentials from hooks.feature1" name="Scenario: Validate Stackoverflow login with correct credentials from hooks.feature1" time="0"/>
  <testcase classname="Scenario: Validate Stackoverflow login with incorrect credentials from hooks.feature2" name="When User click on login home page buttong" time="0"/>
  <testcase classname="Scenario: Validate Stackoverflow login with incorrect credentials from hooks.feature2" name="And User enters incorrect username and password" time="0"/>
  <testcase classname="Scenario: Validate Stackoverflow login with incorrect credentials from hooks.feature2" name="And User clicks on login Button" time="0"/>
  <testcase classname="Scenario: Validate Stackoverflow login with incorrect credentials from hooks.feature2" name="Then User is displayed with error on login page" time="0"/>
  <testcase classname="Scenario: Validate Stackoverflow login with incorrect credentials from hooks.feature2" name="Scenario: Validate Stackoverflow login with incorrect credentials from hooks.feature2" time="0.008"/>
  <testcase classname="Scenario: Validate Stackoverflow login with correct credentials from tags.feature1" name="Given The user is on Stackoverflow homepage" time="0.002"/>
  <testcase classname="Scenario: Validate Stackoverflow login with correct credentials from tags.feature1" name="When User click on login home page buttong" time="0"/>
  <testcase classname="Scenario: Validate Stackoverflow login with correct credentials from tags.feature1" name="And User enters correct username and password" time="0.001"/>
  <testcase classname="Scenario: Validate Stackoverflow login with correct credentials from tags.feature1" name="And User clicks on login Button" time="0"/>
  <testcase classname="Scenario: Validate Stackoverflow login with correct credentials from tags.feature1" name="Then User is successfully directed to the homepage" time="0"/>
  <testcase classname="Scenario: Validate Stackoverflow login with correct credentials from tags.feature1" name="Scenario: Validate Stackoverflow login with correct credentials from tags.feature1" time="0.003"/>
  <testcase classname="Scenario: Validate Stackoverflow login with incorrect credentials from tags.feature2" name="Given The user is on Stackoverflow homepage" time="0"/>
  <testcase classname="Scenario: Validate Stackoverflow login with incorrect credentials from tags.feature2" name="When User click on login home page buttong" time="0"/>
  <testcase classname="Scenario: Validate Stackoverflow login with incorrect credentials from tags.feature2" name="And User enters incorrect username and password" time="0"/>
  <testcase classname="Scenario: Validate Stackoverflow login with incorrect credentials from tags.feature2" name="And User clicks on login Button" time="0"/>
  <testcase classname="Scenario: Validate Stackoverflow login with incorrect credentials from tags.feature2" name="Then User is displayed with error on login page" time="0"/>
  <testcase classname="Scenario: Validate Stackoverflow login with incorrect credentials from tags.feature2" name="Scenario: Validate Stackoverflow login with incorrect credentials from tags.feature2" time="0.007"/>
  <testcase classname="Scenario: Validate Stackoverflow login with incorrect credentials both smoke and regression" name="Given The user is on Stackoverflow homepage" time="0"/>
  <testcase classname="Scenario: Validate Stackoverflow login with incorrect credentials both smoke and regression" name="When User click on login home page buttong" time="0"/>
  <testcase classname="Scenario: Validate Stackoverflow login with incorrect credentials both smoke and regression" name="And User enters incorrect username and password" time="0"/>
  <testcase classname="Scenario: Validate Stackoverflow login with incorrect credentials both smoke and regression" name="And User clicks on login Button" time="0.001"/>
  <testcase classname="Scenario: Validate Stackoverflow login with incorrect credentials both smoke and regression" name="Then User is displayed with error on login page" time="0.001"/>
  <testcase classname="Scenario: Validate Stackoverflow login with incorrect credentials both smoke and regression" name="Scenario: Validate Stackoverflow login with incorrect credentials both smoke and regression" time="0.008"/>
</testsuite>